[9254][1619444883931][requester][info]["EventBus~initialize - Success"]
[9254][1619444883936][requester][info]["Messaging~boot - Success"]
[9254][1619444883947][requester][info]["bootCrashReporter~ Success"]
[9254][1619444883950][requester][info]["Telemetry~boot - Success"]
[9254][1619444883952][requester][info]["bootConfigurations~initialize - Success"]
[9254][1619444883955][requester][info]["Settings~boot - Success"]
[9254][1619444884075][requester][info]["bootstrapModels - Success"]
[9254][1619444884075][requester][info]["WLModels~boot - Success"]
[9254][1619444884289][requester][info]["Session~boot - Success"]
[9254][1619444884294][requester][info]["IndependentServices~boot - Success"]
[9254][1619444884328][requester][info]["AppModels~boot - Success"]
[9254][1619444884333][requester][info]["DBWatcher~boot - Success"]
[9254][1619444884336][requester][info]["ThemeManager~boot - Success"]
[9254][1619444884337][requester][info]["Store~boot - Success"]
[9254][1619444884343][requester][info]["Shortcuts~boot - Success"]
[9254][1619444884344][requester][info]["SyncProxy~boot - Success"]
[9254][1619444884501][requester][info]["NewConsole~boot - Success"]
[9254][1619444884507][requester][info]["APIDevInterface~boot - Success"]
[9254][1619444884510][requester][info]["Updater bailed! Running on Snap!"]
[9254][1619444884522][requester][info]["Requester~boot - Success"]
[9254][1619444884523][requester][info]["booted - requester"]
[9254][1619444885232][requester][warn]["CloudProxyHandler: Error while reading proxy configuration from user data - ",{"errno":-2,"code":"ENOENT","syscall":"open","path":"/home/rohit/snap/postman/133/.config/Postman/Postman_Config/proxy","name":"Error","message":"ENOENT: no such file or directory, open '/home/rohit/snap/postman/133/.config/Postman/Postman_Config/proxy'","stack":"Error: ENOENT: no such file or directory, open '/home/rohit/snap/postman/133/.config/Postman/Postman_Config/proxy'"}]
[9254][1619444888537][requester][info]["SessionValidation - Registering listener"]
[9254][1619444888556][requester][warn]["FeatureFlagsStore~updateFlags: Could not find feature flags",{"error":{"message":"SyncRequestService\\x7erequestListener: Could not fetch from sync. Socket not connected."}}]
[9254][1619444946876][requester][warn]["Failed to subscribe to workspace for all APIs",{"name":"Error","message":"","stack":"Error\n    at SafeSubscriber._next (file:///snap/postman/133/usr/share/Postman/resources/app/js/vendor-shared.js:449276:24)\n    at SafeSubscriber.push.SafeSubscriber.__tryOrUnsub (file:///snap/postman/133/usr/share/Postman/resources/app/js/vendor-shared.js:414548:16)\n    at SafeSubscriber.push.SafeSubscriber.next (file:///snap/postman/133/usr/share/Postman/resources/app/js/vendor-shared.js:414486:22)\n    at Subscriber.push.Subscriber._next (file:///snap/postman/133/usr/share/Postman/resources/app/js/vendor-shared.js:414429:26)\n    at Subscriber.push.Subscriber.next (file:///snap/postman/133/usr/share/Postman/resources/app/js/vendor-shared.js:414406:18)\n    at FilterSubscriber.push.FilterSubscriber._next (file:///snap/postman/133/usr/share/Postman/resources/app/js/vendor-shared.js:421586:30)\n    at FilterSubscriber.push.Subscriber.next (file:///snap/postman/133/usr/share/Postman/resources/app/js/vendor-shared.js:414406:18)\n    at RefCountSubscriber.push.Subscriber._next (file:///snap/postman/133/usr/share/Postman/resources/app/js/vendor-shared.js:414429:26)\n    at RefCountSubscriber.push.Subscriber.next (file:///snap/postman/133/usr/share/Postman/resources/app/js/vendor-shared.js:414406:18)\n    at Subject.push.Subject.next (file:///snap/postman/133/usr/share/Postman/resources/app/js/vendor-shared.js:415482:25)\n    at ConnectableSubscriber.push.Subscriber._next (file:///snap/postman/133/usr/share/Postman/resources/app/js/vendor-shared.js:414429:26)\n    at ConnectableSubscriber.push.Subscriber.next (file:///snap/postman/133/usr/share/Postman/resources/app/js/vendor-shared.js:414406:18)\n    at EventEmitter.<anonymous> (file:///snap/postman/133/usr/share/Postman/resources/app/js/vendor-shared.js:449224:14)\n    at EventEmitter.emit (file:///snap/postman/133/usr/share/Postman/resources/app/js/vendor-shared.js:27378:5)\n    at _dispatch (file:///snap/postman/133/usr/share/Postman/resources/app/js/vendor-shared.js:45414:14)\n    at EventEmitter.<anonymous> (file:///snap/postman/133/usr/share/Postman/resources/app/js/vendor-shared.js:45424:9)"}]
[9254][1619444946958][requester][warn]["APIDevService~getAPIs: Failed to get APIs.",{"error":{"message":"SyncRequestService\\x7erequestListener: Could not fetch from sync. Socket not connected."}}]
[9254][1619444946961][requester][warn]["Failed to refresh API List",{"error":{"message":"SyncRequestService\\x7erequestListener: Could not fetch from sync. Socket not connected."}}]
[9254][1619444947935][requester][warn]["FeatureFlagsStore~updateFlags: Could not find feature flags",{"error":{"message":"SyncRequestService\\x7erequestListener: Could not fetch from sync. Socket not connected."}}]
[6848][1619449311041][requester][info]["EventBus~initialize - Success"]
[6848][1619449311044][requester][info]["Messaging~boot - Success"]
[6848][1619449311056][requester][info]["bootCrashReporter~ Success"]
[6848][1619449311058][requester][info]["Telemetry~boot - Success"]
[6848][1619449311059][requester][info]["bootConfigurations~initialize - Success"]
[6848][1619449311062][requester][info]["Settings~boot - Success"]
[6848][1619449311146][requester][info]["bootstrapModels - Success"]
[6848][1619449311147][requester][info]["WLModels~boot - Success"]
[6848][1619449311325][requester][info]["Session~boot - Success"]
[6848][1619449311328][requester][info]["IndependentServices~boot - Success"]
[6848][1619449311346][requester][info]["AppModels~boot - Success"]
[6848][1619449311351][requester][info]["DBWatcher~boot - Success"]
[6848][1619449311354][requester][info]["ThemeManager~boot - Success"]
[6848][1619449311354][requester][info]["Store~boot - Success"]
[6848][1619449311357][requester][info]["Shortcuts~boot - Success"]
[6848][1619449311358][requester][info]["SyncProxy~boot - Success"]
[6848][1619449311431][requester][info]["NewConsole~boot - Success"]
[6848][1619449311435][requester][info]["APIDevInterface~boot - Success"]
[6848][1619449311437][requester][info]["Updater bailed! Running on Snap!"]
[6848][1619449311445][requester][info]["Requester~boot - Success"]
[6848][1619449311445][requester][info]["booted - requester"]
[6848][1619449311572][requester][warn]["CloudProxyHandler: Error while reading proxy configuration from user data - ",{"errno":-2,"code":"ENOENT","syscall":"open","path":"/home/rohit/snap/postman/133/.config/Postman/Postman_Config/proxy","name":"Error","message":"ENOENT: no such file or directory, open '/home/rohit/snap/postman/133/.config/Postman/Postman_Config/proxy'","stack":"Error: ENOENT: no such file or directory, open '/home/rohit/snap/postman/133/.config/Postman/Postman_Config/proxy'"}]
[6848][1619449313871][requester][info]["SessionValidation - Registering listener"]
[6848][1619449466564][requester][warn]["APIDevInterface~getAPIForModel: There is no API linked to the model"]
[6848][1619449832121][requester][warn]["APIDevInterface~getAPIForModel: There is no API linked to the model"]
[6848][1619449850888][requester][warn]["APIDevInterface~getAPIForModel: There is no API linked to the model"]
[6848][1619450003252][requester][warn]["APIDevInterface~getAPIForModel: There is no API linked to the model"]
[6848][1619450333927][requester][warn]["APIDevInterface~getAPIForModel: There is no API linked to the model"]
[6848][1619450354850][requester][warn]["APIDevInterface~getAPIForModel: There is no API linked to the model"]
[6848][1619450358775][requester][warn]["APIDevInterface~getAPIForModel: There is no API linked to the model"]
[6848][1619450488565][requester][warn]["APIDevInterface~getAPIForModel: There is no API linked to the model"]
[6848][1619450929070][requester][warn]["APIDevInterface~getAPIForModel: There is no API linked to the model"]
[6848][1619450970147][requester][warn]["APIDevInterface~getAPIForModel: There is no API linked to the model"]
[6848][1619450986753][requester][warn]["APIDevInterface~getAPIForModel: There is no API linked to the model"]
[6848][1619451369184][requester][warn]["APIDevInterface~getAPIForModel: There is no API linked to the model"]
[6848][1619451421222][requester][warn]["APIDevInterface~getAPIForModel: There is no API linked to the model"]
[6848][1619451441939][requester][warn]["APIDevInterface~getAPIForModel: There is no API linked to the model"]
[6848][1619451637641][requester][warn]["APIDevInterface~getAPIForModel: There is no API linked to the model"]
[6848][1619452173748][requester][warn]["APIDevInterface~getAPIForModel: There is no API linked to the model"]
[6848][1619452361186][requester][warn]["APIDevInterface~getAPIForModel: There is no API linked to the model"]
[8727][1620200160487][requester][info]["EventBus~initialize - Success"]
[8727][1620200160489][requester][info]["Messaging~boot - Success"]
[8727][1620200160498][requester][info]["bootCrashReporter~ Success"]
[8727][1620200160500][requester][info]["Telemetry~boot - Success"]
[8727][1620200160501][requester][info]["bootConfigurations~initialize - Success"]
[8727][1620200160503][requester][info]["Settings~boot - Success"]
[8727][1620200160570][requester][info]["bootstrapModels - Success"]
[8727][1620200160571][requester][info]["WLModels~boot - Success"]
[8727][1620200161020][requester][info]["Session~boot - Success"]
[8727][1620200161023][requester][info]["IndependentServices~boot - Success"]
[8727][1620200161037][requester][info]["AppModels~boot - Success"]
[8727][1620200161040][requester][info]["DBWatcher~boot - Success"]
[8727][1620200161100][requester][info]["ThemeManager~boot - Success"]
[8727][1620200161101][requester][info]["Store~boot - Success"]
[8727][1620200161103][requester][info]["Shortcuts~boot - Success"]
[8727][1620200161104][requester][info]["SyncProxy~boot - Success"]
[8727][1620200161429][requester][info]["NewConsole~boot - Success"]
[8727][1620200161433][requester][info]["APIDevInterface~boot - Success"]
[8727][1620200161435][requester][info]["Updater bailed! Running on Snap!"]
[8727][1620200161442][requester][info]["Requester~boot - Success"]
[8727][1620200161442][requester][info]["booted - requester"]
[8727][1620200161779][requester][warn]["CloudProxyHandler: Error while reading proxy configuration from user data - ",{"errno":-2,"code":"ENOENT","syscall":"open","path":"/home/rohit/snap/postman/133/.config/Postman/Postman_Config/proxy","name":"Error","message":"ENOENT: no such file or directory, open '/home/rohit/snap/postman/133/.config/Postman/Postman_Config/proxy'","stack":"Error: ENOENT: no such file or directory, open '/home/rohit/snap/postman/133/.config/Postman/Postman_Config/proxy'"}]
[8727][1620200169517][requester][info]["SessionValidation - Registering listener"]
[8727][1620200185130][requester][warn]["APIDevInterface~getAPIForModel: There is no API linked to the model"]
[12648][1620270396809][requester][info]["EventBus~initialize - Success"]
[12648][1620270396811][requester][info]["Messaging~boot - Success"]
[12648][1620270396821][requester][info]["bootCrashReporter~ Success"]
[12648][1620270396822][requester][info]["Telemetry~boot - Success"]
[12648][1620270396823][requester][info]["bootConfigurations~initialize - Success"]
[12648][1620270396825][requester][info]["Settings~boot - Success"]
[12648][1620270396907][requester][info]["bootstrapModels - Success"]
[12648][1620270396908][requester][info]["WLModels~boot - Success"]
[12648][1620270397135][requester][info]["Session~boot - Success"]
[12648][1620270397137][requester][info]["IndependentServices~boot - Success"]
[12648][1620270397152][requester][info]["AppModels~boot - Success"]
[12648][1620270397157][requester][info]["DBWatcher~boot - Success"]
[12648][1620270397205][requester][info]["ThemeManager~boot - Success"]
[12648][1620270397206][requester][info]["Store~boot - Success"]
[12648][1620270397209][requester][info]["Shortcuts~boot - Success"]
[12648][1620270397209][requester][info]["SyncProxy~boot - Success"]
[12648][1620270397338][requester][info]["NewConsole~boot - Success"]
[12648][1620270397341][requester][info]["APIDevInterface~boot - Success"]
[12648][1620270397343][requester][info]["Updater bailed! Running on Snap!"]
[12648][1620270397351][requester][info]["Requester~boot - Success"]
[12648][1620270397352][requester][info]["booted - requester"]
[12648][1620270397864][requester][warn]["CloudProxyHandler: Error while reading proxy configuration from user data - ",{"errno":-2,"code":"ENOENT","syscall":"open","path":"/home/rohit/snap/postman/133/.config/Postman/Postman_Config/proxy","name":"Error","message":"ENOENT: no such file or directory, open '/home/rohit/snap/postman/133/.config/Postman/Postman_Config/proxy'","stack":"Error: ENOENT: no such file or directory, open '/home/rohit/snap/postman/133/.config/Postman/Postman_Config/proxy'"}]
[12648][1620270404845][requester][info]["SessionValidation - Registering listener"]
[11859][1620352005249][requester][info]["EventBus~initialize - Success"]
[11859][1620352005251][requester][info]["Messaging~boot - Success"]
[11859][1620352005260][requester][info]["bootCrashReporter~ Success"]
[11859][1620352005262][requester][info]["Telemetry~boot - Success"]
[11859][1620352005263][requester][info]["bootConfigurations~initialize - Success"]
[11859][1620352005265][requester][info]["Settings~boot - Success"]
[11859][1620352005336][requester][info]["bootstrapModels - Success"]
[11859][1620352005336][requester][info]["WLModels~boot - Success"]
[11859][1620352005391][requester][info]["Session~boot - Success"]
[11859][1620352005394][requester][info]["IndependentServices~boot - Success"]
[11859][1620352005411][requester][info]["AppModels~boot - Success"]
[11859][1620352005415][requester][info]["DBWatcher~boot - Success"]
[11859][1620352005433][requester][info]["ThemeManager~boot - Success"]
[11859][1620352005433][requester][info]["Store~boot - Success"]
[11859][1620352005436][requester][info]["Shortcuts~boot - Success"]
[11859][1620352005436][requester][info]["SyncProxy~boot - Success"]
[11859][1620352005483][requester][info]["NewConsole~boot - Success"]
[11859][1620352005488][requester][info]["APIDevInterface~boot - Success"]
[11859][1620352005490][requester][info]["Updater bailed! Running on Snap!"]
[11859][1620352005499][requester][info]["Requester~boot - Success"]
[11859][1620352005500][requester][info]["booted - requester"]
[11859][1620352005531][requester][warn]["CloudProxyHandler: Error while reading proxy configuration from user data - ",{"errno":-2,"code":"ENOENT","syscall":"open","path":"/home/rohit/snap/postman/133/.config/Postman/Postman_Config/proxy","name":"Error","message":"ENOENT: no such file or directory, open '/home/rohit/snap/postman/133/.config/Postman/Postman_Config/proxy'","stack":"Error: ENOENT: no such file or directory, open '/home/rohit/snap/postman/133/.config/Postman/Postman_Config/proxy'"}]
[11859][1620352007844][requester][info]["SessionValidation - Registering listener"]
[11859][1620352136599][requester][warn]["APIDevInterface~getAPIForModel: There is no API linked to the model"]
[11859][1620352227429][requester][warn]["APIDevInterface~getAPIForModel: There is no API linked to the model"]
[13704][1620353603787][requester][info]["EventBus~initialize - Success"]
[13704][1620353603789][requester][info]["Messaging~boot - Success"]
[13704][1620353603799][requester][info]["bootCrashReporter~ Success"]
[13704][1620353603801][requester][info]["Telemetry~boot - Success"]
[13704][1620353603802][requester][info]["bootConfigurations~initialize - Success"]
[13704][1620353603805][requester][info]["Settings~boot - Success"]
[13704][1620353603910][requester][info]["bootstrapModels - Success"]
[13704][1620353603911][requester][info]["WLModels~boot - Success"]
[13704][1620353603970][requester][info]["Session~boot - Success"]
[13704][1620353603972][requester][info]["IndependentServices~boot - Success"]
[13704][1620353603990][requester][info]["AppModels~boot - Success"]
[13704][1620353603993][requester][info]["DBWatcher~boot - Success"]
[13704][1620353603996][requester][info]["ThemeManager~boot - Success"]
[13704][1620353603996][requester][info]["Store~boot - Success"]
[13704][1620353603999][requester][info]["Shortcuts~boot - Success"]
[13704][1620353603999][requester][info]["SyncProxy~boot - Success"]
[13704][1620353604055][requester][info]["NewConsole~boot - Success"]
[13704][1620353604059][requester][info]["APIDevInterface~boot - Success"]
[13704][1620353604061][requester][info]["Updater bailed! Running on Snap!"]
[13704][1620353604068][requester][info]["Requester~boot - Success"]
[13704][1620353604069][requester][info]["booted - requester"]
[13704][1620353604108][requester][warn]["CloudProxyHandler: Error while reading proxy configuration from user data - ",{"errno":-2,"code":"ENOENT","syscall":"open","path":"/home/rohit/snap/postman/133/.config/Postman/Postman_Config/proxy","name":"Error","message":"ENOENT: no such file or directory, open '/home/rohit/snap/postman/133/.config/Postman/Postman_Config/proxy'","stack":"Error: ENOENT: no such file or directory, open '/home/rohit/snap/postman/133/.config/Postman/Postman_Config/proxy'"}]
[13704][1620353606668][requester][info]["SessionValidation - Registering listener"]
[13704][1620353616596][requester][warn]["ACServiceUtils~getActionInfo: Could not get the AC action for",{"action":"favorite","entityType":"collection","entity":{"id":"af3489c1-1d91-41e3-b394-fde10e0bb48b"}}]
[13704][1620353616596][requester][warn]["ACService:TODO - No action found for",{"action":"favorite","srcEntityType":"collection","srcEntity":{"id":"af3489c1-1d91-41e3-b394-fde10e0bb48b"}}]
[13704][1620353617659][requester][warn]["EntityPermissionHandler: @TODO no target action found for",{"name":"unfavorite","namespace":"collection"}]
[13704][1620353619175][requester][warn]["ACServiceUtils~getActionInfo: Could not get the AC action for",{"action":"favorite","entityType":"collection","entity":{"id":"af3489c1-1d91-41e3-b394-fde10e0bb48b"}}]
[13704][1620353619175][requester][warn]["ACService:TODO - No action found for",{"action":"favorite","srcEntityType":"collection","srcEntity":{"id":"af3489c1-1d91-41e3-b394-fde10e0bb48b"}}]
[13704][1620354084160][requester][warn]["APIDevInterface~getAPIForModel: There is no API linked to the model"]
[13704][1620354308561][requester][warn]["APIDevInterface~getAPIForModel: There is no API linked to the model"]
[13704][1620355221271][requester][warn]["APIDevInterface~getAPIForModel: There is no API linked to the model"]
[13704][1620355300136][requester][warn]["APIDevInterface~getAPIForModel: There is no API linked to the model"]
[5843][1620362588281][requester][info]["EventBus~initialize - Success"]
[5843][1620362588284][requester][info]["Messaging~boot - Success"]
[5843][1620362588296][requester][info]["bootCrashReporter~ Success"]
[5843][1620362588297][requester][info]["Telemetry~boot - Success"]
[5843][1620362588298][requester][info]["bootConfigurations~initialize - Success"]
[5843][1620362588301][requester][info]["Settings~boot - Success"]
[5843][1620362588373][requester][info]["bootstrapModels - Success"]
[5843][1620362588373][requester][info]["WLModels~boot - Success"]
[5843][1620362588425][requester][info]["Session~boot - Success"]
[5843][1620362588427][requester][info]["IndependentServices~boot - Success"]
[5843][1620362588443][requester][info]["AppModels~boot - Success"]
[5843][1620362588447][requester][info]["DBWatcher~boot - Success"]
[5843][1620362588450][requester][info]["ThemeManager~boot - Success"]
[5843][1620362588450][requester][info]["Store~boot - Success"]
[5843][1620362588453][requester][info]["Shortcuts~boot - Success"]
[5843][1620362588454][requester][info]["SyncProxy~boot - Success"]
[5843][1620362588494][requester][info]["NewConsole~boot - Success"]
[5843][1620362588498][requester][info]["APIDevInterface~boot - Success"]
[5843][1620362588500][requester][info]["Updater bailed! Running on Snap!"]
[5843][1620362588508][requester][info]["Requester~boot - Success"]
[5843][1620362588509][requester][info]["booted - requester"]
[5843][1620362588545][requester][warn]["CloudProxyHandler: Error while reading proxy configuration from user data - ",{"errno":-2,"code":"ENOENT","syscall":"open","path":"/home/rohit/snap/postman/133/.config/Postman/Postman_Config/proxy","name":"Error","message":"ENOENT: no such file or directory, open '/home/rohit/snap/postman/133/.config/Postman/Postman_Config/proxy'","stack":"Error: ENOENT: no such file or directory, open '/home/rohit/snap/postman/133/.config/Postman/Postman_Config/proxy'"}]
[5843][1620362590952][requester][info]["SessionValidation - Registering listener"]
[5843][1620362590962][requester][warn]["FeatureFlagsStore~updateFlags: Could not find feature flags",{"error":{"message":"SyncRequestService\\x7erequestListener: Could not fetch from sync. Socket not connected."}}]
[5843][1620362944650][requester][warn]["APIDevInterface~getAPIForModel: There is no API linked to the model"]
[5843][1620362949529][requester][warn]["APIDevInterface~getAPIForModel: There is no API linked to the model"]
[5843][1620363203611][requester][warn]["APIDevInterface~getAPIForModel: There is no API linked to the model"]
[5843][1620363953307][requester][warn]["APIDevInterface~getAPIForModel: There is no API linked to the model"]
[5843][1620364012992][requester][warn]["APIDevInterface~getAPIForModel: There is no API linked to the model"]
[5843][1620364037912][requester][warn]["APIDevInterface~getAPIForModel: There is no API linked to the model"]
[5843][1620364053553][requester][warn]["APIDevInterface~getAPIForModel: There is no API linked to the model"]
[5843][1620364059572][requester][warn]["APIDevInterface~getAPIForModel: There is no API linked to the model"]
[5843][1620364111818][requester][warn]["APIDevInterface~getAPIForModel: There is no API linked to the model"]
[5843][1620364159040][requester][warn]["APIDevInterface~getAPIForModel: There is no API linked to the model"]
[5843][1620364168135][requester][warn]["APIDevInterface~getAPIForModel: There is no API linked to the model"]
[5843][1620364173036][requester][warn]["APIDevInterface~getAPIForModel: There is no API linked to the model"]
[5843][1620364568086][requester][warn]["APIDevInterface~getAPIForModel: There is no API linked to the model"]
[5843][1620364575211][requester][warn]["APIDevInterface~getAPIForModel: There is no API linked to the model"]
[5843][1620364993898][requester][warn]["APIDevInterface~getAPIForModel: There is no API linked to the model"]
[5843][1620365085712][requester][warn]["APIDevInterface~getAPIForModel: There is no API linked to the model"]
[5843][1620366645285][requester][warn]["APIDevInterface~getAPIForModel: There is no API linked to the model"]
[5843][1620366654355][requester][warn]["APIDevInterface~getAPIForModel: There is no API linked to the model"]
[5843][1620366661584][requester][warn]["APIDevInterface~getAPIForModel: There is no API linked to the model"]
[5843][1620366769370][requester][warn]["APIDevInterface~getAPIForModel: There is no API linked to the model"]
[5843][1620366779124][requester][warn]["APIDevInterface~getAPIForModel: There is no API linked to the model"]
[5843][1620366780404][requester][warn]["APIDevInterface~getAPIForModel: There is no API linked to the model"]
[5843][1620366994600][requester][warn]["APIDevInterface~getAPIForModel: There is no API linked to the model"]
[5843][1620367453547][requester][warn]["APIDevInterface~getAPIForModel: There is no API linked to the model"]
[5843][1620367462625][requester][warn]["APIDevInterface~getAPIForModel: There is no API linked to the model"]
[5843][1620369143088][requester][warn]["APIDevInterface~getAPIForModel: There is no API linked to the model"]
[5843][1620369150394][requester][warn]["APIDevInterface~getAPIForModel: There is no API linked to the model"]
[7106][1620485693776][requester][info]["EventBus~initialize - Success"]
[7106][1620485693779][requester][info]["Messaging~boot - Success"]
[7106][1620485693788][requester][info]["bootCrashReporter~ Success"]
[7106][1620485693789][requester][info]["Telemetry~boot - Success"]
[7106][1620485693790][requester][info]["bootConfigurations~initialize - Success"]
[7106][1620485693793][requester][info]["Settings~boot - Success"]
[7106][1620485693968][requester][info]["bootstrapModels - Success"]
[7106][1620485693968][requester][info]["WLModels~boot - Success"]
[7106][1620485694321][requester][info]["Session~boot - Success"]
[7106][1620485694323][requester][info]["IndependentServices~boot - Success"]
[7106][1620485694339][requester][info]["AppModels~boot - Success"]
[7106][1620485694342][requester][info]["DBWatcher~boot - Success"]
[7106][1620485694345][requester][info]["ThemeManager~boot - Success"]
[7106][1620485694345][requester][info]["Store~boot - Success"]
[7106][1620485694348][requester][info]["Shortcuts~boot - Success"]
[7106][1620485694348][requester][info]["SyncProxy~boot - Success"]
[7106][1620485694430][requester][info]["NewConsole~boot - Success"]
[7106][1620485694433][requester][info]["APIDevInterface~boot - Success"]
[7106][1620485694435][requester][info]["Updater bailed! Running on Snap!"]
[7106][1620485694442][requester][info]["Requester~boot - Success"]
[7106][1620485694442][requester][info]["booted - requester"]
[7106][1620485694639][requester][warn]["CloudProxyHandler: Error while reading proxy configuration from user data - ",{"errno":-2,"code":"ENOENT","syscall":"open","path":"/home/rohit/snap/postman/133/.config/Postman/Postman_Config/proxy","name":"Error","message":"ENOENT: no such file or directory, open '/home/rohit/snap/postman/133/.config/Postman/Postman_Config/proxy'","stack":"Error: ENOENT: no such file or directory, open '/home/rohit/snap/postman/133/.config/Postman/Postman_Config/proxy'"}]
[7106][1620485697238][requester][info]["SessionValidation - Registering listener"]
[7106][1620485903985][requester][warn]["APIDevInterface~getAPIForModel: There is no API linked to the model"]
[7106][1620486449020][requester][warn]["APIDevInterface~getAPIForModel: There is no API linked to the model"]
[7106][1620486450091][requester][warn]["APIDevInterface~getAPIForModel: There is no API linked to the model"]
[7106][1620486453823][requester][warn]["APIDevInterface~getAPIForModel: There is no API linked to the model"]
[7106][1620486479473][requester][warn]["APIDevInterface~getAPIForModel: There is no API linked to the model"]
[7106][1620486587042][requester][warn]["APIDevInterface~getAPIForModel: There is no API linked to the model"]
[7106][1620486591547][requester][warn]["APIDevInterface~getAPIForModel: There is no API linked to the model"]
[7106][1620486592372][requester][warn]["APIDevInterface~getAPIForModel: There is no API linked to the model"]
[7106][1620486809996][requester][warn]["APIDevInterface~getAPIForModel: There is no API linked to the model"]
[7106][1620486880386][requester][warn]["APIDevInterface~getAPIForModel: There is no API linked to the model"]
[7106][1620489091001][requester][warn]["APIDevInterface~getAPIForModel: There is no API linked to the model"]
[7106][1620489123908][requester][warn]["APIDevInterface~getAPIForModel: There is no API linked to the model"]
[7106][1620489124774][requester][warn]["APIDevInterface~getAPIForModel: There is no API linked to the model"]
[7106][1620489349551][requester][warn]["APIDevInterface~getAPIForModel: There is no API linked to the model"]
[7106][1620489358134][requester][warn]["APIDevInterface~getAPIForModel: There is no API linked to the model"]
[7106][1620489358876][requester][warn]["APIDevInterface~getAPIForModel: There is no API linked to the model"]
[7106][1620489366911][requester][warn]["APIDevInterface~getAPIForModel: There is no API linked to the model"]
[7106][1620489460600][requester][warn]["APIDevInterface~getAPIForModel: There is no API linked to the model"]
[7106][1620489461898][requester][warn]["APIDevInterface~getAPIForModel: There is no API linked to the model"]
[7106][1620489823531][requester][warn]["APIDevInterface~getAPIForModel: There is no API linked to the model"]
[7106][1620489824334][requester][warn]["APIDevInterface~getAPIForModel: There is no API linked to the model"]
[7106][1620489825052][requester][warn]["APIDevInterface~getAPIForModel: There is no API linked to the model"]
[7106][1620489828152][requester][warn]["APIDevInterface~getAPIForModel: There is no API linked to the model"]
[7106][1620489828968][requester][warn]["APIDevInterface~getAPIForModel: There is no API linked to the model"]
[7106][1620489829569][requester][warn]["APIDevInterface~getAPIForModel: There is no API linked to the model"]
[7106][1620489830151][requester][warn]["APIDevInterface~getAPIForModel: There is no API linked to the model"]
[7106][1620490183363][requester][warn]["APIDevInterface~getAPIForModel: There is no API linked to the model"]
[7106][1620490184158][requester][warn]["APIDevInterface~getAPIForModel: There is no API linked to the model"]
[7106][1620490193102][requester][warn]["APIDevInterface~getAPIForModel: There is no API linked to the model"]
[7106][1620490414414][requester][warn]["APIDevInterface~getAPIForModel: There is no API linked to the model"]
[7106][1620490415262][requester][warn]["APIDevInterface~getAPIForModel: There is no API linked to the model"]
[7106][1620490415774][requester][warn]["APIDevInterface~getAPIForModel: There is no API linked to the model"]
[7106][1620490471174][requester][warn]["APIDevInterface~getAPIForModel: There is no API linked to the model"]
[7106][1620490472216][requester][warn]["APIDevInterface~getAPIForModel: There is no API linked to the model"]
[7106][1620490487573][requester][warn]["APIDevInterface~getAPIForModel: There is no API linked to the model"]
[7106][1620490500585][requester][warn]["APIDevInterface~getAPIForModel: There is no API linked to the model"]
[7106][1620490577297][requester][warn]["APIDevInterface~getAPIForModel: There is no API linked to the model"]
[7106][1620490578521][requester][warn]["APIDevInterface~getAPIForModel: There is no API linked to the model"]
[7106][1620490580011][requester][warn]["APIDevInterface~getAPIForModel: There is no API linked to the model"]
[7106][1620490581184][requester][warn]["APIDevInterface~getAPIForModel: There is no API linked to the model"]
[7106][1620490770828][requester][warn]["APIDevInterface~getAPIForModel: There is no API linked to the model"]
[7106][1620490802361][requester][warn]["APIDevInterface~getAPIForModel: There is no API linked to the model"]
[7106][1620490866377][requester][warn]["APIDevInterface~getAPIForModel: There is no API linked to the model"]
[7106][1620490896910][requester][warn]["APIDevInterface~getAPIForModel: There is no API linked to the model"]
[7106][1620490907701][requester][warn]["APIDevInterface~getAPIForModel: There is no API linked to the model"]
[7106][1620490912752][requester][warn]["APIDevInterface~getAPIForModel: There is no API linked to the model"]
[7106][1620491023330][requester][warn]["APIDevInterface~getAPIForModel: There is no API linked to the model"]
[7106][1620491090213][requester][warn]["APIDevInterface~getAPIForModel: There is no API linked to the model"]
[7106][1620491096764][requester][warn]["APIDevInterface~getAPIForModel: There is no API linked to the model"]
[7106][1620491106294][requester][warn]["APIDevInterface~getAPIForModel: There is no API linked to the model"]
[7106][1620491304317][requester][warn]["APIDevInterface~getAPIForModel: There is no API linked to the model"]
[7106][1620491859796][requester][warn]["APIDevInterface~getAPIForModel: There is no API linked to the model"]
[7106][1620492247982][requester][warn]["APIDevInterface~getAPIForModel: There is no API linked to the model"]
[7106][1620492249443][requester][warn]["APIDevInterface~getAPIForModel: There is no API linked to the model"]
[7106][1620492287387][requester][warn]["APIDevInterface~getAPIForModel: There is no API linked to the model"]
[7106][1620492391282][requester][warn]["APIDevInterface~getAPIForModel: There is no API linked to the model"]
[7106][1620492488862][requester][warn]["APIDevInterface~getAPIForModel: There is no API linked to the model"]
[5240][1620520089230][requester][info]["EventBus~initialize - Success"]
[5240][1620520089233][requester][info]["Messaging~boot - Success"]
[5240][1620520089245][requester][info]["bootCrashReporter~ Success"]
[5240][1620520089247][requester][info]["Telemetry~boot - Success"]
[5240][1620520089248][requester][info]["bootConfigurations~initialize - Success"]
[5240][1620520089251][requester][info]["Settings~boot - Success"]
[5240][1620520089344][requester][info]["bootstrapModels - Success"]
[5240][1620520089344][requester][info]["WLModels~boot - Success"]
[5240][1620520089401][requester][info]["Session~boot - Success"]
[5240][1620520089403][requester][info]["IndependentServices~boot - Success"]
[5240][1620520089422][requester][info]["AppModels~boot - Success"]
[5240][1620520089425][requester][info]["DBWatcher~boot - Success"]
[5240][1620520089430][requester][info]["ThemeManager~boot - Success"]
[5240][1620520089430][requester][info]["Store~boot - Success"]
[5240][1620520089434][requester][info]["Shortcuts~boot - Success"]
[5240][1620520089434][requester][info]["SyncProxy~boot - Success"]
[5240][1620520089495][requester][info]["NewConsole~boot - Success"]
[5240][1620520089497][requester][info]["APIDevInterface~boot - Success"]
[5240][1620520089499][requester][info]["Updater bailed! Running on Snap!"]
[5240][1620520089508][requester][info]["Requester~boot - Success"]
[5240][1620520089509][requester][info]["booted - requester"]
[5240][1620520089569][requester][warn]["CloudProxyHandler: Error while reading proxy configuration from user data - ",{"errno":-2,"code":"ENOENT","syscall":"open","path":"/home/rohit/snap/postman/133/.config/Postman/Postman_Config/proxy","name":"Error","message":"ENOENT: no such file or directory, open '/home/rohit/snap/postman/133/.config/Postman/Postman_Config/proxy'","stack":"Error: ENOENT: no such file or directory, open '/home/rohit/snap/postman/133/.config/Postman/Postman_Config/proxy'"}]
[5240][1620520091874][requester][info]["SessionValidation - Registering listener"]
[5240][1620520272215][requester][warn]["APIDevInterface~getAPIForModel: There is no API linked to the model"]
[5240][1620520394661][requester][warn]["APIDevInterface~getAPIForModel: There is no API linked to the model"]
[5240][1620520479172][requester][warn]["APIDevInterface~getAPIForModel: There is no API linked to the model"]
[5240][1620520529606][requester][warn]["APIDevInterface~getAPIForModel: There is no API linked to the model"]
[5240][1620520672349][requester][warn]["APIDevInterface~getAPIForModel: There is no API linked to the model"]
[5240][1620520673201][requester][warn]["APIDevInterface~getAPIForModel: There is no API linked to the model"]
[5240][1620520673686][requester][warn]["APIDevInterface~getAPIForModel: There is no API linked to the model"]
[5240][1620521036612][requester][warn]["APIDevInterface~getAPIForModel: There is no API linked to the model"]
[5240][1620521037676][requester][warn]["APIDevInterface~getAPIForModel: There is no API linked to the model"]
[5240][1620521106773][requester][warn]["APIDevInterface~getAPIForModel: There is no API linked to the model"]
[5240][1620521107605][requester][warn]["APIDevInterface~getAPIForModel: There is no API linked to the model"]
[5240][1620521123969][requester][warn]["APIDevInterface~getAPIForModel: There is no API linked to the model"]
[5240][1620521125097][requester][warn]["APIDevInterface~getAPIForModel: There is no API linked to the model"]
[5240][1620521213509][requester][warn]["APIDevInterface~getAPIForModel: There is no API linked to the model"]
[5240][1620521214603][requester][warn]["APIDevInterface~getAPIForModel: There is no API linked to the model"]
[5240][1620521357600][requester][warn]["APIDevInterface~getAPIForModel: There is no API linked to the model"]
[5240][1620521358581][requester][warn]["APIDevInterface~getAPIForModel: There is no API linked to the model"]
[5240][1620521424566][requester][warn]["APIDevInterface~getAPIForModel: There is no API linked to the model"]
[5240][1620521425526][requester][warn]["APIDevInterface~getAPIForModel: There is no API linked to the model"]
[5240][1620521426180][requester][warn]["APIDevInterface~getAPIForModel: There is no API linked to the model"]
[5240][1620521427026][requester][warn]["APIDevInterface~getAPIForModel: There is no API linked to the model"]
[5240][1620521468054][requester][warn]["APIDevInterface~getAPIForModel: There is no API linked to the model"]
[5240][1620521468898][requester][warn]["APIDevInterface~getAPIForModel: There is no API linked to the model"]
[5240][1620521583086][requester][warn]["APIDevInterface~getAPIForModel: There is no API linked to the model"]
[5240][1620521584131][requester][warn]["APIDevInterface~getAPIForModel: There is no API linked to the model"]
[5240][1620521584876][requester][warn]["APIDevInterface~getAPIForModel: There is no API linked to the model"]
[5240][1620521618033][requester][warn]["APIDevInterface~getAPIForModel: There is no API linked to the model"]
[5240][1620521741280][requester][warn]["APIDevInterface~getAPIForModel: There is no API linked to the model"]
[5240][1620521791294][requester][warn]["APIDevInterface~getAPIForModel: There is no API linked to the model"]
[5240][1620521792299][requester][warn]["APIDevInterface~getAPIForModel: There is no API linked to the model"]
[5240][1620521840160][requester][warn]["APIDevInterface~getAPIForModel: There is no API linked to the model"]
[5240][1620521923325][requester][warn]["APIDevInterface~getAPIForModel: There is no API linked to the model"]
[5240][1620521923903][requester][warn]["APIDevInterface~getAPIForModel: There is no API linked to the model"]
[5240][1620521924515][requester][warn]["APIDevInterface~getAPIForModel: There is no API linked to the model"]
[5240][1620521925000][requester][warn]["APIDevInterface~getAPIForModel: There is no API linked to the model"]
[5240][1620521926276][requester][warn]["APIDevInterface~getAPIForModel: There is no API linked to the model"]
[5240][1620521945936][requester][warn]["APIDevInterface~getAPIForModel: There is no API linked to the model"]
[5240][1620521947266][requester][warn]["APIDevInterface~getAPIForModel: There is no API linked to the model"]
[5240][1620521947951][requester][warn]["APIDevInterface~getAPIForModel: There is no API linked to the model"]
[5240][1620522084943][requester][warn]["APIDevInterface~getAPIForModel: There is no API linked to the model"]
[5240][1620522427912][requester][warn]["APIDevInterface~getAPIForModel: There is no API linked to the model"]
[5240][1620522429392][requester][warn]["APIDevInterface~getAPIForModel: There is no API linked to the model"]
[5240][1620522465254][requester][warn]["APIDevInterface~getAPIForModel: There is no API linked to the model"]
[5240][1620522466323][requester][warn]["APIDevInterface~getAPIForModel: There is no API linked to the model"]
[5240][1620522479484][requester][warn]["APIDevInterface~getAPIForModel: There is no API linked to the model"]
[5240][1620522483977][requester][warn]["APIDevInterface~getAPIForModel: There is no API linked to the model"]
[5240][1620522485310][requester][warn]["APIDevInterface~getAPIForModel: There is no API linked to the model"]
[5240][1620522636325][requester][warn]["APIDevInterface~getAPIForModel: There is no API linked to the model"]
[5240][1620522734642][requester][warn]["APIDevInterface~getAPIForModel: There is no API linked to the model"]
[5240][1620522735889][requester][warn]["APIDevInterface~getAPIForModel: There is no API linked to the model"]
[5240][1620522794940][requester][warn]["APIDevInterface~getAPIForModel: There is no API linked to the model"]
[5240][1620522795960][requester][warn]["APIDevInterface~getAPIForModel: There is no API linked to the model"]
[5240][1620522809934][requester][warn]["APIDevInterface~getAPIForModel: There is no API linked to the model"]
[5240][1620522889510][requester][warn]["APIDevInterface~getAPIForModel: There is no API linked to the model"]
[10714][1620652164716][requester][info]["EventBus~initialize - Success"]
[10714][1620652164718][requester][info]["Messaging~boot - Success"]
[10714][1620652164728][requester][info]["bootCrashReporter~ Success"]
[10714][1620652164730][requester][info]["Telemetry~boot - Success"]
[10714][1620652164731][requester][info]["bootConfigurations~initialize - Success"]
[10714][1620652164733][requester][info]["Settings~boot - Success"]
[10714][1620652164824][requester][info]["bootstrapModels - Success"]
[10714][1620652164825][requester][info]["WLModels~boot - Success"]
[10714][1620652164923][requester][info]["Session~boot - Success"]
[10714][1620652164926][requester][info]["IndependentServices~boot - Success"]
[10714][1620652164944][requester][info]["AppModels~boot - Success"]
[10714][1620652164947][requester][info]["DBWatcher~boot - Success"]
[10714][1620652164967][requester][info]["ThemeManager~boot - Success"]
[10714][1620652164968][requester][info]["Store~boot - Success"]
[10714][1620652164972][requester][info]["Shortcuts~boot - Success"]
[10714][1620652164972][requester][info]["SyncProxy~boot - Success"]
[10714][1620652165027][requester][info]["NewConsole~boot - Success"]
[10714][1620652165032][requester][info]["APIDevInterface~boot - Success"]
[10714][1620652165042][requester][info]["Updater bailed! Running on Snap!"]
[10714][1620652165065][requester][info]["Requester~boot - Success"]
[10714][1620652165066][requester][info]["booted - requester"]
[10714][1620652165179][requester][warn]["CloudProxyHandler: Error while reading proxy configuration from user data - ",{"errno":-2,"code":"ENOENT","syscall":"open","path":"/home/rohit/snap/postman/133/.config/Postman/Postman_Config/proxy","name":"Error","message":"ENOENT: no such file or directory, open '/home/rohit/snap/postman/133/.config/Postman/Postman_Config/proxy'","stack":"Error: ENOENT: no such file or directory, open '/home/rohit/snap/postman/133/.config/Postman/Postman_Config/proxy'"}]
[10714][1620652168303][requester][info]["SessionValidation - Registering listener"]
[10714][1620652168323][requester][warn]["FeatureFlagsStore~updateFlags: Could not find feature flags",{"error":{"message":"SyncRequestService\\x7erequestListener: Could not fetch from sync. Socket not connected."}}]
[10714][1620652353589][requester][warn]["APIDevInterface~getAPIForModel: There is no API linked to the model"]
[10714][1620652401459][requester][warn]["APIDevInterface~getAPIForModel: There is no API linked to the model"]
[10714][1620652405148][requester][warn]["APIDevInterface~getAPIForModel: There is no API linked to the model"]
[10714][1620652612509][requester][warn]["APIDevInterface~getAPIForModel: There is no API linked to the model"]
[10714][1620652686155][requester][warn]["APIDevInterface~getAPIForModel: There is no API linked to the model"]
[10714][1620652712407][requester][warn]["APIDevInterface~getAPIForModel: There is no API linked to the model"]
[10714][1620652714491][requester][warn]["APIDevInterface~getAPIForModel: There is no API linked to the model"]
[10714][1620652721360][requester][warn]["APIDevInterface~getAPIForModel: There is no API linked to the model"]
[10714][1620652797009][requester][warn]["APIDevInterface~getAPIForModel: There is no API linked to the model"]
[10714][1620652831108][requester][warn]["APIDevInterface~getAPIForModel: There is no API linked to the model"]
[10714][1620653874840][requester][warn]["APIDevInterface~getAPIForModel: There is no API linked to the model"]
[10714][1620654028825][requester][warn]["APIDevInterface~getAPIForModel: There is no API linked to the model"]
[10714][1620654121110][requester][warn]["APIDevInterface~getAPIForModel: There is no API linked to the model"]
[10714][1620654122096][requester][warn]["APIDevInterface~getAPIForModel: There is no API linked to the model"]
[10714][1620654277918][requester][warn]["APIDevInterface~getAPIForModel: There is no API linked to the model"]
[10714][1620654726610][requester][warn]["APIDevInterface~getAPIForModel: There is no API linked to the model"]
[10714][1620654732271][requester][warn]["APIDevInterface~getAPIForModel: There is no API linked to the model"]
[10714][1620654736609][requester][warn]["APIDevInterface~getAPIForModel: There is no API linked to the model"]
[10714][1620654737396][requester][warn]["APIDevInterface~getAPIForModel: There is no API linked to the model"]
[10714][1620654737911][requester][warn]["APIDevInterface~getAPIForModel: There is no API linked to the model"]
[10714][1620654738772][requester][warn]["APIDevInterface~getAPIForModel: There is no API linked to the model"]
[10714][1620655249089][requester][warn]["APIDevInterface~getAPIForModel: There is no API linked to the model"]
[10714][1620655252441][requester][warn]["APIDevInterface~getAPIForModel: There is no API linked to the model"]
[10714][1620655256860][requester][warn]["APIDevInterface~getAPIForModel: There is no API linked to the model"]
[10714][1620655262749][requester][warn]["APIDevInterface~getAPIForModel: There is no API linked to the model"]
[10714][1620655268269][requester][warn]["APIDevInterface~getAPIForModel: There is no API linked to the model"]
[10714][1620655385969][requester][warn]["APIDevInterface~getAPIForModel: There is no API linked to the model"]
[10714][1620655386705][requester][warn]["APIDevInterface~getAPIForModel: There is no API linked to the model"]
[10714][1620655387131][requester][warn]["APIDevInterface~getAPIForModel: There is no API linked to the model"]
[10714][1620655390988][requester][warn]["APIDevInterface~getAPIForModel: There is no API linked to the model"]
[10714][1620655393919][requester][warn]["APIDevInterface~getAPIForModel: There is no API linked to the model"]
[10714][1620655394573][requester][warn]["APIDevInterface~getAPIForModel: There is no API linked to the model"]
[10714][1620655638672][requester][warn]["APIDevInterface~getAPIForModel: There is no API linked to the model"]
[10714][1620655808026][requester][warn]["APIDevInterface~getAPIForModel: There is no API linked to the model"]
[10714][1620655808558][requester][warn]["APIDevInterface~getAPIForModel: There is no API linked to the model"]
[10714][1620655809566][requester][warn]["APIDevInterface~getAPIForModel: There is no API linked to the model"]
[10714][1620655820489][requester][warn]["APIDevInterface~getAPIForModel: There is no API linked to the model"]
[8144][1621050175149][requester][info]["EventBus~initialize - Success"]
[8144][1621050175151][requester][info]["Messaging~boot - Success"]
[8144][1621050175161][requester][info]["bootCrashReporter~ Success"]
[8144][1621050175163][requester][info]["Telemetry~boot - Success"]
[8144][1621050175163][requester][info]["bootConfigurations~initialize - Success"]
[8144][1621050175166][requester][info]["Settings~boot - Success"]
[8144][1621050175237][requester][info]["bootstrapModels - Success"]
[8144][1621050175237][requester][info]["WLModels~boot - Success"]
[8144][1621050175309][requester][info]["Session~boot - Success"]
[8144][1621050175312][requester][info]["IndependentServices~boot - Success"]
[8144][1621050175332][requester][info]["AppModels~boot - Success"]
[8144][1621050175335][requester][info]["DBWatcher~boot - Success"]
[8144][1621050175349][requester][info]["ThemeManager~boot - Success"]
[8144][1621050175349][requester][info]["Store~boot - Success"]
[8144][1621050175352][requester][info]["Shortcuts~boot - Success"]
[8144][1621050175352][requester][info]["SyncProxy~boot - Success"]
[8144][1621050175402][requester][info]["NewConsole~boot - Success"]
[8144][1621050175409][requester][info]["APIDevInterface~boot - Success"]
[8144][1621050175411][requester][info]["Updater bailed! Running on Snap!"]
[8144][1621050175420][requester][info]["Requester~boot - Success"]
[8144][1621050175421][requester][info]["booted - requester"]
[8144][1621050175481][requester][warn]["CloudProxyHandler: Error while reading proxy configuration from user data - ",{"errno":-2,"code":"ENOENT","syscall":"open","path":"/home/rohit/snap/postman/133/.config/Postman/Postman_Config/proxy","name":"Error","message":"ENOENT: no such file or directory, open '/home/rohit/snap/postman/133/.config/Postman/Postman_Config/proxy'","stack":"Error: ENOENT: no such file or directory, open '/home/rohit/snap/postman/133/.config/Postman/Postman_Config/proxy'"}]
[8144][1621050178161][requester][info]["SessionValidation - Registering listener"]
[8144][1621050420785][requester][warn]["APIDevInterface~getAPIForModel: There is no API linked to the model"]
[8144][1621050423118][requester][warn]["APIDevInterface~getAPIForModel: There is no API linked to the model"]
[8144][1621050599037][requester][warn]["APIDevInterface~getAPIForModel: There is no API linked to the model"]
[8144][1621050600940][requester][warn]["APIDevInterface~getAPIForModel: There is no API linked to the model"]
[8144][1621050625651][requester][warn]["APIDevInterface~getAPIForModel: There is no API linked to the model"]
[8144][1621050655017][requester][warn]["APIDevInterface~getAPIForModel: There is no API linked to the model"]
[8144][1621050656175][requester][warn]["APIDevInterface~getAPIForModel: There is no API linked to the model"]
[8144][1621050687030][requester][warn]["APIDevInterface~getAPIForModel: There is no API linked to the model"]
[8144][1621050690010][requester][warn]["APIDevInterface~getAPIForModel: There is no API linked to the model"]
[8144][1621050700198][requester][warn]["APIDevInterface~getAPIForModel: There is no API linked to the model"]
[8144][1621050721328][requester][warn]["APIDevInterface~getAPIForModel: There is no API linked to the model"]
[8144][1621050749596][requester][warn]["APIDevInterface~getAPIForModel: There is no API linked to the model"]
[8144][1621050750403][requester][warn]["APIDevInterface~getAPIForModel: There is no API linked to the model"]
[8144][1621050751078][requester][warn]["APIDevInterface~getAPIForModel: There is no API linked to the model"]
[8144][1621050757024][requester][warn]["APIDevInterface~getAPIForModel: There is no API linked to the model"]
[8144][1621050761586][requester][warn]["APIDevInterface~getAPIForModel: There is no API linked to the model"]
[8144][1621050762345][requester][warn]["APIDevInterface~getAPIForModel: There is no API linked to the model"]
[8144][1621050763145][requester][warn]["APIDevInterface~getAPIForModel: There is no API linked to the model"]
[8144][1621050768563][requester][warn]["APIDevInterface~getAPIForModel: There is no API linked to the model"]
[8144][1621050769152][requester][warn]["APIDevInterface~getAPIForModel: There is no API linked to the model"]
[8144][1621050770005][requester][warn]["APIDevInterface~getAPIForModel: There is no API linked to the model"]
[8144][1621050800901][requester][warn]["APIDevInterface~getAPIForModel: There is no API linked to the model"]
[8144][1621050801748][requester][warn]["APIDevInterface~getAPIForModel: There is no API linked to the model"]
[8144][1621050829010][requester][warn]["APIDevInterface~getAPIForModel: There is no API linked to the model"]
[8144][1621050839657][requester][warn]["APIDevInterface~getAPIForModel: There is no API linked to the model"]
[8144][1621050896961][requester][warn]["APIDevInterface~getAPIForModel: There is no API linked to the model"]
[8144][1621050897978][requester][warn]["APIDevInterface~getAPIForModel: There is no API linked to the model"]
[8144][1621050904394][requester][warn]["APIDevInterface~getAPIForModel: There is no API linked to the model"]
[8144][1621050905054][requester][warn]["APIDevInterface~getAPIForModel: There is no API linked to the model"]
[8144][1621050905660][requester][warn]["APIDevInterface~getAPIForModel: There is no API linked to the model"]
[8144][1621050906415][requester][warn]["APIDevInterface~getAPIForModel: There is no API linked to the model"]
[8144][1621051016150][requester][warn]["APIDevInterface~getAPIForModel: There is no API linked to the model"]
[8144][1621051058654][requester][warn]["APIDevInterface~getAPIForModel: There is no API linked to the model"]
[8144][1621051066640][requester][warn]["APIDevInterface~getAPIForModel: There is no API linked to the model"]
[8144][1621051067549][requester][warn]["APIDevInterface~getAPIForModel: There is no API linked to the model"]
[8144][1621051072709][requester][warn]["APIDevInterface~getAPIForModel: There is no API linked to the model"]
                                                                                                                                                                                                                                                                                                                                                                                                                                                                                                                                                                                             [7498][1622162286802][requester][info]["EventBus~initialize - Success"]
[7498][1622162286804][requester][info]["Messaging~boot - Success"]
[7498][1622162286814][requester][info]["bootCrashReporter~ Success"]
[7498][1622162286815][requester][info]["Telemetry~boot - Success"]
[7498][1622162286816][requester][info]["bootConfigurations~initialize - Success"]
[7498][1622162286819][requester][info]["Settings~boot - Success"]
[7498][1622162286892][requester][info]["bootstrapModels - Success"]
[7498][1622162286892][requester][info]["WLModels~boot - Success"]
[7498][1622162287219][requester][info]["Session~boot - Success"]
[7498][1622162287221][requester][info]["IndependentServices~boot - Success"]
[7498][1622162287237][requester][info]["AppModels~boot - Success"]
[7498][1622162287241][requester][info]["DBWatcher~boot - Success"]
[7498][1622162287308][requester][info]["ThemeManager~boot - Success"]
[7498][1622162287308][requester][info]["Store~boot - Success"]
[7498][1622162287311][requester][info]["Shortcuts~boot - Success"]
[7498][1622162287311][requester][info]["SyncProxy~boot - Success"]
[7498][1622162287435][requester][info]["NewConsole~boot - Success"]
[7498][1622162287438][requester][info]["APIDevInterface~boot - Success"]
[7498][1622162287441][requester][info]["Updater bailed! Running on Snap!"]
[7498][1622162287449][requester][info]["Requester~boot - Success"]
[7498][1622162287449][requester][info]["booted - requester"]
[7498][1622162287938][requester][warn]["CloudProxyHandler: Error while reading proxy configuration from user data - ",{"errno":-2,"code":"ENOENT","syscall":"open","path":"/home/rohit/snap/postman/133/.config/Postman/Postman_Config/proxy","name":"Error","message":"ENOENT: no such file or directory, open '/home/rohit/snap/postman/133/.config/Postman/Postman_Config/proxy'","stack":"Error: ENOENT: no such file or directory, open '/home/rohit/snap/postman/133/.config/Postman/Postman_Config/proxy'"}]
[7498][1622162292308][requester][info]["SessionValidation - Registering listener"]
[7498][1622162345593][requester][warn]["APIDevInterface~getAPIForModel: There is no API linked to the model"]
[7498][1622162376920][requester][warn]["APIDevInterface~getAPIForModel: There is no API linked to the model"]
[7498][1622162800390][requester][warn]["APIDevInterface~getAPIForModel: There is no API linked to the model"]
[7498][1622162874802][requester][warn]["APIDevInterface~getAPIForModel: There is no API linked to the model"]
[7498][1622162891450][requester][warn]["APIDevInterface~getAPIForModel: There is no API linked to the model"]
[7498][1622162935131][requester][warn]["APIDevInterface~getAPIForModel: There is no API linked to the model"]
[7498][1622163029912][requester][warn]["APIDevInterface~getAPIForModel: There is no API linked to the model"]
[7498][1622163035727][requester][warn]["APIDevInterface~getAPIForModel: There is no API linked to the model"]
[7498][1622163235501][requester][warn]["APIDevInterface~getAPIForModel: There is no API linked to the model"]
[7498][1622164053244][requester][warn]["APIDevInterface~getAPIForModel: There is no API linked to the model"]
[7498][1622164072086][requester][warn]["APIDevInterface~getAPIForModel: There is no API linked to the model"]
[7498][1622164079034][requester][warn]["APIDevInterface~getAPIForModel: There is no API linked to the model"]
[7498][1622164086679][requester][warn]["APIDevInterface~getAPIForModel: There is no API linked to the model"]
[7498][1622164100362][requester][warn]["APIDevInterface~getAPIForModel: There is no API linked to the model"]
[12447][1622266403124][requester][info]["EventBus~initialize - Success"]
[12447][1622266403128][requester][info]["Messaging~boot - Success"]
[12447][1622266403145][requester][info]["bootCrashReporter~ Success"]
[12447][1622266403148][requester][info]["Telemetry~boot - Success"]
[12447][1622266403150][requester][info]["bootConfigurations~initialize - Success"]
[12447][1622266403154][requester][info]["Settings~boot - Success"]
[12447][1622266403280][requester][info]["bootstrapModels - Success"]
[12447][1622266403280][requester][info]["WLModels~boot - Success"]
[12447][1622266403409][requester][info]["Session~boot - Success"]
[12447][1622266403414][requester][info]["IndependentServices~boot - Success"]
[12447][1622266403437][requester][info]["AppModels~boot - Success"]
[12447][1622266403440][requester][info]["DBWatcher~boot - Success"]
[12447][1622266403443][requester][info]["ThemeManager~boot - Success"]
[12447][1622266403444][requester][info]["Store~boot - Success"]
[12447][1622266403448][requester][info]["Shortcuts~boot - Success"]
[12447][1622266403448][requester][info]["SyncProxy~boot - Success"]
[12447][1622266403729][requester][info]["NewConsole~boot - Success"]
[12447][1622266403735][requester][info]["APIDevInterface~boot - Success"]
[12447][1622266403740][requester][info]["Updater bailed! Running on Snap!"]
[12447][1622266403753][requester][info]["Requester~boot - Success"]
[12447][1622266403754][requester][info]["booted - requester"]
[12447][1622266404392][requester][warn]["CloudProxyHandler: Error while reading proxy configuration from user data - ",{"errno":-2,"code":"ENOENT","syscall":"open","path":"/home/rohit/snap/postman/133/.config/Postman/Postman_Config/proxy","name":"Error","message":"ENOENT: no such file or directory, open '/home/rohit/snap/postman/133/.config/Postman/Postman_Config/proxy'","stack":"Error: ENOENT: no such file or directory, open '/home/rohit/snap/postman/133/.config/Postman/Postman_Config/proxy'"}]
[12447][1622266409531][requester][info]["SessionValidation - Registering listener"]
[12447][1622266453823][requester][warn]["APIDevInterface~getAPIForModel: There is no API linked to the model"]
[12447][1622266465305][requester][warn]["APIDevInterface~getAPIForModel: There is no API linked to the model"]
[12447][1622266488409][requester][warn]["APIDevInterface~getAPIForModel: There is no API linked to the model"]
[12447][1622266599084][requester][warn]["APIDevInterface~getAPIForModel: There is no API linked to the model"]
[12447][1622266613401][requester][warn]["APIDevInterface~getAPIForModel: There is no API linked to the model"]
[12447][1622266617588][requester][warn]["APIDevInterface~getAPIForModel: There is no API linked to the model"]
[11866][1622351914229][requester][info]["EventBus~initialize - Success"]
[11866][1622351914231][requester][info]["Messaging~boot - Success"]
[11866][1622351914241][requester][info]["bootCrashReporter~ Success"]
[11866][1622351914243][requester][info]["Telemetry~boot - Success"]
[11866][1622351914243][requester][info]["bootConfigurations~initialize - Success"]
[11866][1622351914246][requester][info]["Settings~boot - Success"]
[11866][1622351914379][requester][info]["bootstrapModels - Success"]
[11866][1622351914380][requester][info]["WLModels~boot - Success"]
[11866][1622351914424][requester][info]["Session~boot - Success"]
[11866][1622351914427][requester][info]["IndependentServices~boot - Success"]
[11866][1622351914445][requester][info]["AppModels~boot - Success"]
[11866][1622351914449][requester][info]["DBWatcher~boot - Success"]
[11866][1622351914453][requester][info]["ThemeManager~boot - Success"]
[11866][1622351914453][requester][info]["Store~boot - Success"]
[11866][1622351914456][requester][info]["Shortcuts~boot - Success"]
[11866][1622351914456][requester][info]["SyncProxy~boot - Success"]
[11866][1622351914500][requester][info]["NewConsole~boot - Success"]
[11866][1622351914504][requester][info]["APIDevInterface~boot - Success"]
[11866][1622351914506][requester][info]["Updater bailed! Running on Snap!"]
[11866][1622351914514][requester][info]["Requester~boot - Success"]
[11866][1622351914514][requester][info]["booted - requester"]
[11866][1622351914595][requester][warn]["CloudProxyHandler: Error while reading proxy configuration from user data - ",{"errno":-2,"code":"ENOENT","syscall":"open","path":"/home/rohit/snap/postman/133/.config/Postman/Postman_Config/proxy","name":"Error","message":"ENOENT: no such file or directory, open '/home/rohit/snap/postman/133/.config/Postman/Postman_Config/proxy'","stack":"Error: ENOENT: no such file or directory, open '/home/rohit/snap/postman/133/.config/Postman/Postman_Config/proxy'"}]
[11866][1622351917247][requester][info]["SessionValidation - Registering listener"]
[11866][1622352010555][requester][warn]["APIDevInterface~getAPIForModel: There is no API linked to the model"]
[11866][1622352042305][requester][warn]["APIDevInterface~getAPIForModel: There is no API linked to the model"]
[11866][1622352061208][requester][warn]["APIDevInterface~getAPIForModel: There is no API linked to the model"]
[11866][1622352068714][requester][warn]["APIDevInterface~getAPIForModel: There is no API linked to the model"]
[11866][1622355629706][requester][warn]["APIDevInterface~getAPIForModel: There is no API linked to the model"]
[11866][1622355700530][requester][warn]["APIDevInterface~getAPIForModel: There is no API linked to the model"]
[11866][1622355721277][requester][warn]["APIDevInterface~getAPIForModel: There is no API linked to the model"]
[11866][1622355727161][requester][warn]["APIDevInterface~getAPIForModel: There is no API linked to the model"]
[11866][1622355728630][requester][warn]["APIDevInterface~getAPIForModel: There is no API linked to the model"]
[11866][1622355739616][requester][warn]["APIDevInterface~getAPIForModel: There is no API linked to the model"]
[11866][1622355759729][requester][warn]["APIDevInterface~getAPIForModel: There is no API linked to the model"]
[11866][1622355765986][requester][warn]["APIDevInterface~getAPIForModel: There is no API linked to the model"]
[11866][1622355824604][requester][warn]["APIDevInterface~getAPIForModel: There is no API linked to the model"]
[11866][1622355830356][requester][warn]["APIDevInterface~getAPIForModel: There is no API linked to the model"]
[11866][1622355972919][requester][warn]["APIDevInterface~getAPIForModel: There is no API linked to the model"]
[11866][1622356016656][requester][warn]["APIDevInterface~getAPIForModel: There is no API linked to the model"]
[11866][1622356093393][requester][warn]["APIDevInterface~getAPIForModel: There is no API linked to the model"]
[11866][1622356126601][requester][warn]["APIDevInterface~getAPIForModel: There is no API linked to the model"]
[11866][1622356172328][requester][warn]["APIDevInterface~getAPIForModel: There is no API linked to the model"]
[11866][1622356177644][requester][warn]["APIDevInterface~getAPIForModel: There is no API linked to the model"]
[11866][1622356227376][requester][warn]["APIDevInterface~getAPIForModel: There is no API linked to the model"]
[11866][1622356228933][requester][warn]["APIDevInterface~getAPIForModel: There is no API linked to the model"]
[11866][1622356245722][requester][warn]["APIDevInterface~getAPIForModel: There is no API linked to the model"]
[11866][1622356258958][requester][warn]["APIDevInterface~getAPIForModel: There is no API linked to the model"]
[11866][1622356263626][requester][warn]["APIDevInterface~getAPIForModel: There is no API linked to the model"]
[11866][1622356269595][requester][warn]["APIDevInterface~getAPIForModel: There is no API linked to the model"]
[11866][1622356278847][requester][warn]["APIDevInterface~getAPIForModel: There is no API linked to the model"]
[11866][1622356297159][requester][warn]["APIDevInterface~getAPIForModel: There is no API linked to the model"]
[11866][1622356298199][requester][warn]["APIDevInterface~getAPIForModel: There is no API linked to the model"]
[11866][1622356329840][requester][warn]["APIDevInterface~getAPIForModel: There is no API linked to the model"]
[11866][1622356330710][requester][warn]["APIDevInterface~getAPIForModel: There is no API linked to the model"]
[11866][1622356332186][requester][warn]["APIDevInterface~getAPIForModel: There is no API linked to the model"]
[11866][1622356341354][requester][warn]["APIDevInterface~getAPIForModel: There is no API linked to the model"]
[11866][1622356359218][requester][warn]["APIDevInterface~getAPIForModel: There is no API linked to the model"]
[11866][1622356378763][requester][warn]["APIDevInterface~getAPIForModel: There is no API linked to the model"]
[11866][1622356379799][requester][warn]["APIDevInterface~getAPIForModel: There is no API linked to the model"]
[11866][1622356381024][requester][warn]["APIDevInterface~getAPIForModel: There is no API linked to the model"]
[11866][1622356381695][requester][warn]["APIDevInterface~getAPIForModel: There is no API linked to the model"]
[11866][1622357178905][requester][warn]["APIDevInterface~getAPIForModel: There is no API linked to the model"]
[11866][1622357251584][requester][warn]["APIDevInterface~getAPIForModel: There is no API linked to the model"]
[11866][1622357259634][requester][warn]["APIDevInterface~getAPIForModel: There is no API linked to the model"]
[11866][1622357375789][requester][warn]["APIDevInterface~getAPIForModel: There is no API linked to the model"]
[11866][1622357464797][requester][warn]["APIDevInterface~getAPIForModel: There is no API linked to the model"]
[11866][1622357472222][requester][warn]["APIDevInterface~getAPIForModel: There is no API linked to the model"]
[9390][1622420875250][requester][info]["EventBus~initialize - Success"]
[9390][1622420875252][requester][info]["Messaging~boot - Success"]
[9390][1622420875262][requester][info]["bootCrashReporter~ Success"]
[9390][1622420875264][requester][info]["Telemetry~boot - Success"]
[9390][1622420875264][requester][info]["bootConfigurations~initialize - Success"]
[9390][1622420875267][requester][info]["Settings~boot - Success"]
[9390][1622420875496][requester][info]["bootstrapModels - Success"]
[9390][1622420875497][requester][info]["WLModels~boot - Success"]
[9390][1622420875539][requester][info]["Session~boot - Success"]
[9390][1622420875542][requester][info]["IndependentServices~boot - Success"]
[9390][1622420875569][requester][info]["AppModels~boot - Success"]
[9390][1622420875572][requester][info]["DBWatcher~boot - Success"]
[9390][1622420875578][requester][info]["ThemeManager~boot - Success"]
[9390][1622420875579][requester][info]["Store~boot - Success"]
[9390][1622420875582][requester][info]["Shortcuts~boot - Success"]
[9390][1622420875582][requester][info]["SyncProxy~boot - Success"]
[9390][1622420875621][requester][info]["NewConsole~boot - Success"]
[9390][1622420875623][requester][info]["APIDevInterface~boot - Success"]
[9390][1622420875627][requester][info]["Updater bailed! Running on Snap!"]
[9390][1622420875636][requester][info]["Requester~boot - Success"]
[9390][1622420875636][requester][info]["booted - requester"]
[9390][1622420875767][requester][warn]["CloudProxyHandler: Error while reading proxy configuration from user data - ",{"errno":-2,"code":"ENOENT","syscall":"open","path":"/home/rohit/snap/postman/133/.config/Postman/Postman_Config/proxy","name":"Error","message":"ENOENT: no such file or directory, open '/home/rohit/snap/postman/133/.config/Postman/Postman_Config/proxy'","stack":"Error: ENOENT: no such file or directory, open '/home/rohit/snap/postman/133/.config/Postman/Postman_Config/proxy'"}]
[9390][1622420878105][requester][info]["SessionValidation - Registering listener"]
[9390][1622420997165][requester][warn]["APIDevInterface~getAPIForModel: There is no API linked to the model"]
[9390][1622421006945][requester][warn]["APIDevInterface~getAPIForModel: There is no API linked to the model"]
[9390][1622421035432][requester][warn]["APIDevInterface~getAPIForModel: There is no API linked to the model"]
[9390][1622421074709][requester][warn]["APIDevInterface~getAPIForModel: There is no API linked to the model"]
[9390][1622421188227][requester][warn]["APIDevInterface~getAPIForModel: There is no API linked to the model"]
[9390][1622421207915][requester][warn]["APIDevInterface~getAPIForModel: There is no API linked to the model"]
[9390][1622421213935][requester][warn]["APIDevInterface~getAPIForModel: There is no API linked to the model"]
[9390][1622421236390][requester][warn]["APIDevInterface~getAPIForModel: There is no API linked to the model"]
[9390][1622421356603][requester][warn]["APIDevInterface~getAPIForModel: There is no API linked to the model"]
[9390][1622421393061][requester][warn]["APIDevInterface~getAPIForModel: There is no API linked to the model"]
[6145][1625618230278][requester][info]["EventBus~initialize - Success"]
[6145][1625618230280][requester][info]["Messaging~boot - Success"]
[6145][1625618230289][requester][info]["bootCrashReporter~ Success"]
[6145][1625618230290][requester][info]["Telemetry~boot - Success"]
[6145][1625618230291][requester][info]["bootConfigurations~initialize - Success"]
[6145][1625618230293][requester][info]["Settings~boot - Success"]
[6145][1625618230511][requester][info]["bootstrapModels - Success"]
[6145][1625618230512][requester][info]["WLModels~boot - Success"]
[6145][1625618230591][requester][info]["Session~boot - Success"]
[6145][1625618230595][requester][info]["IndependentServices~boot - Success"]
[6145][1625618230616][requester][info]["AppModels~boot - Success"]
[6145][1625618230620][requester][info]["DBWatcher~boot - Success"]
[6145][1625618230623][requester][info]["ThemeManager~boot - Success"]
[6145][1625618230624][requester][info]["Store~boot - Success"]
[6145][1625618230626][requester][info]["Shortcuts~boot - Success"]
[6145][1625618230627][requester][info]["SyncProxy~boot - Success"]
[6145][1625618230678][requester][info]["NewConsole~boot - Success"]
[6145][1625618230684][requester][info]["APIDevInterface~boot - Success"]
[6145][1625618230686][requester][info]["Updater bailed! Running on Snap!"]
[6145][1625618230693][requester][info]["Requester~boot - Success"]
[6145][1625618230694][requester][info]["booted - requester"]
[6145][1625618230729][requester][warn]["CloudProxyHandler: Error while reading proxy configuration from user data - ",{"errno":-2,"code":"ENOENT","syscall":"open","path":"/home/rohit/snap/postman/133/.config/Postman/Postman_Config/proxy","name":"Error","message":"ENOENT: no such file or directory, open '/home/rohit/snap/postman/133/.config/Postman/Postman_Config/proxy'","stack":"Error: ENOENT: no such file or directory, open '/home/rohit/snap/postman/133/.config/Postman/Postman_Config/proxy'"}]
[6145][1625618233402][requester][info]["SessionValidation - Registering listener"]
[8171][1646353344177][requester][info]["EventBus~initialize - Success"]
[8171][1646353344180][requester][info]["Messaging~boot - Success"]
[8171][1646353344192][requester][info]["bootCrashReporter~ Success"]
[8171][1646353344193][requester][info]["Telemetry~boot - Success"]
[8171][1646353344194][requester][info]["bootConfigurations~initialize - Success"]
[8171][1646353344196][requester][info]["Settings~boot - Success"]
[8171][1646353344274][requester][info]["bootstrapModels - Success"]
[8171][1646353344274][requester][info]["WLModels~boot - Success"]
[8171][1646353344341][requester][info]["Session~boot - Success"]
[8171][1646353344343][requester][info]["IndependentServices~boot - Success"]
[8171][1646353344357][requester][info]["AppModels~boot - Success"]
[8171][1646353344360][requester][info]["DBWatcher~boot - Success"]
[8171][1646353344364][requester][info]["ThemeManager~boot - Success"]
[8171][1646353344364][requester][info]["Store~boot - Success"]
[8171][1646353344367][requester][info]["Shortcuts~boot - Success"]
[8171][1646353344367][requester][info]["SyncProxy~boot - Success"]
[8171][1646353344412][requester][info]["NewConsole~boot - Success"]
[8171][1646353344416][requester][info]["APIDevInterface~boot - Success"]
[8171][1646353344418][requester][info]["Updater bailed! Running on Snap!"]
[8171][1646353344426][requester][info]["Requester~boot - Success"]
[8171][1646353344426][requester][info]["booted - requester"]
[8171][1646353344466][requester][warn]["CloudProxyHandler: Error while reading proxy configuration from user data - ",{"errno":-2,"code":"ENOENT","syscall":"open","path":"/home/rohit/snap/postman/133/.config/Postman/Postman_Config/proxy","name":"Error","message":"ENOENT: no such file or directory, open '/home/rohit/snap/postman/133/.config/Postman/Postman_Config/proxy'","stack":"Error: ENOENT: no such file or directory, open '/home/rohit/snap/postman/133/.config/Postman/Postman_Config/proxy'"}]
[8171][1646353346863][requester][info]["SessionValidation - Registering listener"]
[8171][1646353346878][requester][warn]["FeatureFlagsStore~updateFlags: Could not find feature flags",{"error":{"message":"SyncRequestService\\x7erequestListener: Could not fetch from sync. Socket not connected."}}]
[9204][1653405538085][requester][info]["EventBus~initialize - Success"]
[9204][1653405538087][requester][info]["Messaging~boot - Success"]
[9204][1653405538098][requester][info]["bootCrashReporter~ Success"]
[9204][1653405538099][requester][info]["Telemetry~boot - Success"]
[9204][1653405538100][requester][info]["bootConfigurations~initialize - Success"]
[9204][1653405538102][requester][info]["Settings~boot - Success"]
[9204][1653405538175][requester][info]["bootstrapModels - Success"]
[9204][1653405538176][requester][info]["WLModels~boot - Success"]
[9204][1653405538275][requester][info]["Session~boot - Success"]
[9204][1653405538277][requester][info]["IndependentServices~boot - Success"]
[9204][1653405538294][requester][info]["AppModels~boot - Success"]
[9204][1653405538298][requester][info]["DBWatcher~boot - Success"]
[9204][1653405538301][requester][info]["ThemeManager~boot - Success"]
[9204][1653405538302][requester][info]["Store~boot - Success"]
[9204][1653405538306][requester][info]["Shortcuts~boot - Success"]
[9204][1653405538306][requester][info]["SyncProxy~boot - Success"]
[9204][1653405538354][requester][info]["NewConsole~boot - Success"]
[9204][1653405538358][requester][info]["APIDevInterface~boot - Success"]
[9204][1653405538361][requester][info]["Updater bailed! Running on Snap!"]
[9204][1653405538370][requester][info]["Requester~boot - Success"]
[9204][1653405538370][requester][info]["booted - requester"]
[9204][1653405538410][requester][warn]["CloudProxyHandler: Error while reading proxy configuration from user data - ",{"errno":-2,"code":"ENOENT","syscall":"open","path":"/home/rohit/snap/postman/133/.config/Postman/Postman_Config/proxy","name":"Error","message":"ENOENT: no such file or directory, open '/home/rohit/snap/postman/133/.config/Postman/Postman_Config/proxy'","stack":"Error: ENOENT: no such file or directory, open '/home/rohit/snap/postman/133/.config/Postman/Postman_Config/proxy'"}]
[9204][1653405541594][requester][info]["SessionValidation - Registering listener"]
[9204][1653405578106][requester][warn]["APIDevInterface~getAPIForModel: There is no API linked to the model"]
[9204][1653405616606][requester][warn]["APIDevInterface~getAPIForModel: There is no API linked to the model"]
[9204][1653405727103][requester][warn]["APIDevInterface~getAPIForModel: There is no API linked to the model"]
[9204][1653405773476][requester][warn]["APIDevInterface~getAPIForModel: There is no API linked to the model"]
[9204][1653405836952][requester][warn]["APIDevInterface~getAPIForModel: There is no API linked to the model"]
[9204][1653405866112][requester][warn]["APIDevInterface~getAPIForModel: There is no API linked to the model"]
[9204][1653405895681][requester][warn]["APIDevInterface~getAPIForModel: There is no API linked to the model"]
