[9254][1619444866115][shell][info]["EventBus~initialize - Success"]
[9254][1619444866192][shell][info]["bootShellCrashReporter~ Success"]
[9254][1619444866194][shell][info]["shellController~init: Success"]
[9254][1619444866195][shell][info]["shellMeta~init: Success"]
[9254][1619444866251][shell][info]["init~setViewAttributes - Initializing view with opts:",{"devtools":false,"id":2,"startTime":1619444861242,"type":"shared","partitionId":"default"}]
[9254][1619444866253][shell][info]["init~setViewAttributes - Success"]
[9254][1619444879316][shell][info]["EventBus~initialize - Success"]
[9254][1619444879330][shell][info]["bootShellCrashReporter~ Success"]
[9254][1619444879332][shell][info]["shellController~init: Success"]
[9254][1619444879332][shell][info]["shellMeta~init: Success"]
[9254][1619444879350][shell][info]["init~setViewAttributes - Initializing view with opts:",{"allIds":[4],"devtools":false,"id":4,"primaryId":4,"startTime":1619444878906,"type":"requester","partitionId":"default"}]
[9254][1619444879352][shell][info]["init~setViewAttributes - Success"]
[6848][1619449300371][shell][info]["EventBus~initialize - Success"]
[6848][1619449300407][shell][info]["bootShellCrashReporter~ Success"]
[6848][1619449300409][shell][info]["shellController~init: Success"]
[6848][1619449300409][shell][info]["shellMeta~init: Success"]
[6848][1619449300424][shell][info]["init~setViewAttributes - Initializing view with opts:",{"devtools":false,"id":2,"startTime":1619449295219,"type":"shared","partitionId":"default"}]
[6848][1619449300426][shell][info]["init~setViewAttributes - Success"]
[6848][1619449306622][shell][info]["EventBus~initialize - Success"]
[6848][1619449306632][shell][info]["bootShellCrashReporter~ Success"]
[6848][1619449306634][shell][info]["shellController~init: Success"]
[6848][1619449306635][shell][info]["shellMeta~init: Success"]
[6848][1619449306649][shell][info]["init~setViewAttributes - Initializing view with opts:",{"allIds":[3],"devtools":false,"id":3,"primaryId":3,"startTime":1619449305436,"type":"requester","partitionId":"default"}]
[6848][1619449306650][shell][info]["init~setViewAttributes - Success"]
[8727][1620200141503][shell][info]["EventBus~initialize - Success"]
[8727][1620200141541][shell][info]["bootShellCrashReporter~ Success"]
[8727][1620200141542][shell][info]["shellController~init: Success"]
[8727][1620200141543][shell][info]["shellMeta~init: Success"]
[8727][1620200141568][shell][info]["init~setViewAttributes - Initializing view with opts:",{"devtools":false,"id":2,"startTime":1620200135266,"type":"shared","partitionId":"default"}]
[8727][1620200141570][shell][info]["init~setViewAttributes - Success"]
[8727][1620200151167][shell][info]["EventBus~initialize - Success"]
[8727][1620200151176][shell][info]["bootShellCrashReporter~ Success"]
[8727][1620200151178][shell][info]["shellController~init: Success"]
[8727][1620200151178][shell][info]["shellMeta~init: Success"]
[8727][1620200151193][shell][info]["init~setViewAttributes - Initializing view with opts:",{"allIds":[3],"devtools":false,"id":3,"primaryId":3,"startTime":1620200149551,"type":"requester","partitionId":"default"}]
[8727][1620200151194][shell][info]["init~setViewAttributes - Success"]
[12648][1620270375914][shell][info]["EventBus~initialize - Success"]
[12648][1620270375963][shell][info]["bootShellCrashReporter~ Success"]
[12648][1620270375965][shell][info]["shellController~init: Success"]
[12648][1620270375965][shell][info]["shellMeta~init: Success"]
[12648][1620270376134][shell][info]["init~setViewAttributes - Initializing view with opts:",{"devtools":false,"id":2,"startTime":1620270369877,"type":"shared","partitionId":"default"}]
[12648][1620270376136][shell][info]["init~setViewAttributes - Success"]
[12648][1620270389227][shell][info]["EventBus~initialize - Success"]
[12648][1620270389237][shell][info]["bootShellCrashReporter~ Success"]
[12648][1620270389239][shell][info]["shellController~init: Success"]
[12648][1620270389239][shell][info]["shellMeta~init: Success"]
[12648][1620270389254][shell][info]["init~setViewAttributes - Initializing view with opts:",{"allIds":[3],"devtools":false,"id":3,"primaryId":3,"startTime":1620270387758,"type":"requester","partitionId":"default"}]
[12648][1620270389255][shell][info]["init~setViewAttributes - Success"]
[11859][1620351995534][shell][info]["EventBus~initialize - Success"]
[11859][1620351995569][shell][info]["bootShellCrashReporter~ Success"]
[11859][1620351995571][shell][info]["shellController~init: Success"]
[11859][1620351995571][shell][info]["shellMeta~init: Success"]
[11859][1620351995586][shell][info]["init~setViewAttributes - Initializing view with opts:",{"devtools":false,"id":2,"startTime":1620351991784,"type":"shared","partitionId":"default"}]
[11859][1620351995588][shell][info]["init~setViewAttributes - Success"]
[11859][1620352002230][shell][info]["EventBus~initialize - Success"]
[11859][1620352002241][shell][info]["bootShellCrashReporter~ Success"]
[11859][1620352002243][shell][info]["shellController~init: Success"]
[11859][1620352002243][shell][info]["shellMeta~init: Success"]
[11859][1620352002258][shell][info]["init~setViewAttributes - Initializing view with opts:",{"allIds":[3],"devtools":false,"id":3,"primaryId":3,"startTime":1620352001380,"type":"requester","partitionId":"default"}]
[11859][1620352002259][shell][info]["init~setViewAttributes - Success"]
[13704][1620353593917][shell][info]["EventBus~initialize - Success"]
[13704][1620353593952][shell][info]["bootShellCrashReporter~ Success"]
[13704][1620353593954][shell][info]["shellController~init: Success"]
[13704][1620353593954][shell][info]["shellMeta~init: Success"]
[13704][1620353593969][shell][info]["init~setViewAttributes - Initializing view with opts:",{"devtools":false,"id":2,"startTime":1620353591254,"type":"shared","partitionId":"default"}]
[13704][1620353593970][shell][info]["init~setViewAttributes - Success"]
[13704][1620353599897][shell][info]["EventBus~initialize - Success"]
[13704][1620353599912][shell][info]["bootShellCrashReporter~ Success"]
[13704][1620353599914][shell][info]["shellController~init: Success"]
[13704][1620353599916][shell][info]["shellMeta~init: Success"]
[13704][1620353599935][shell][info]["init~setViewAttributes - Initializing view with opts:",{"allIds":[3],"devtools":false,"id":3,"primaryId":3,"startTime":1620353599483,"type":"requester","partitionId":"default"}]
[13704][1620353599936][shell][info]["init~setViewAttributes - Success"]
[5843][1620362577647][shell][info]["EventBus~initialize - Success"]
[5843][1620362577684][shell][info]["bootShellCrashReporter~ Success"]
[5843][1620362577686][shell][info]["shellController~init: Success"]
[5843][1620362577686][shell][info]["shellMeta~init: Success"]
[5843][1620362577702][shell][info]["init~setViewAttributes - Initializing view with opts:",{"devtools":false,"id":2,"startTime":1620362573179,"type":"shared","partitionId":"default"}]
[5843][1620362577704][shell][info]["init~setViewAttributes - Success"]
[5843][1620362585206][shell][info]["EventBus~initialize - Success"]
[5843][1620362585216][shell][info]["bootShellCrashReporter~ Success"]
[5843][1620362585218][shell][info]["shellController~init: Success"]
[5843][1620362585219][shell][info]["shellMeta~init: Success"]
[5843][1620362585235][shell][info]["init~setViewAttributes - Initializing view with opts:",{"allIds":[3],"devtools":false,"id":3,"primaryId":3,"startTime":1620362584576,"type":"requester","partitionId":"default"}]
[5843][1620362585237][shell][info]["init~setViewAttributes - Success"]
[7106][1620485679261][shell][info]["EventBus~initialize - Success"]
[7106][1620485679296][shell][info]["bootShellCrashReporter~ Success"]
[7106][1620485679298][shell][info]["shellController~init: Success"]
[7106][1620485679299][shell][info]["shellMeta~init: Success"]
[7106][1620485679315][shell][info]["init~setViewAttributes - Initializing view with opts:",{"devtools":false,"id":2,"startTime":1620485675346,"type":"shared","partitionId":"default"}]
[7106][1620485679317][shell][info]["init~setViewAttributes - Success"]
[7106][1620485687482][shell][info]["EventBus~initialize - Success"]
[7106][1620485687509][shell][info]["bootShellCrashReporter~ Success"]
[7106][1620485687511][shell][info]["shellController~init: Success"]
[7106][1620485687511][shell][info]["shellMeta~init: Success"]
[7106][1620485687623][shell][info]["init~setViewAttributes - Initializing view with opts:",{"allIds":[3],"devtools":false,"id":3,"primaryId":3,"startTime":1620485686503,"type":"requester","partitionId":"default"}]
[7106][1620485687625][shell][info]["init~setViewAttributes - Success"]
[5240][1620520078490][shell][info]["EventBus~initialize - Success"]
[5240][1620520078539][shell][info]["bootShellCrashReporter~ Success"]
[5240][1620520078542][shell][info]["shellController~init: Success"]
[5240][1620520078543][shell][info]["shellMeta~init: Success"]
[5240][1620520078566][shell][info]["init~setViewAttributes - Initializing view with opts:",{"devtools":false,"id":2,"startTime":1620520072312,"type":"shared","partitionId":"default"}]
[5240][1620520078569][shell][info]["init~setViewAttributes - Success"]
[5240][1620520085249][shell][info]["EventBus~initialize - Success"]
[5240][1620520085260][shell][info]["bootShellCrashReporter~ Success"]
[5240][1620520085262][shell][info]["shellController~init: Success"]
[5240][1620520085262][shell][info]["shellMeta~init: Success"]
[5240][1620520085277][shell][info]["init~setViewAttributes - Initializing view with opts:",{"allIds":[3],"devtools":false,"id":3,"primaryId":3,"startTime":1620520084485,"type":"requester","partitionId":"default"}]
[5240][1620520085278][shell][info]["init~setViewAttributes - Success"]
[10714][1620652152028][shell][info]["EventBus~initialize - Success"]
[10714][1620652152064][shell][info]["bootShellCrashReporter~ Success"]
[10714][1620652152066][shell][info]["shellController~init: Success"]
[10714][1620652152066][shell][info]["shellMeta~init: Success"]
[10714][1620652152083][shell][info]["init~setViewAttributes - Initializing view with opts:",{"devtools":false,"id":2,"startTime":1620652147530,"type":"shared","partitionId":"default"}]
[10714][1620652152085][shell][info]["init~setViewAttributes - Success"]
[10714][1620652161151][shell][info]["EventBus~initialize - Success"]
[10714][1620652161173][shell][info]["bootShellCrashReporter~ Success"]
[10714][1620652161176][shell][info]["shellController~init: Success"]
[10714][1620652161177][shell][info]["shellMeta~init: Success"]
[10714][1620652161217][shell][info]["init~setViewAttributes - Initializing view with opts:",{"allIds":[3],"devtools":false,"id":3,"primaryId":3,"startTime":1620652157730,"type":"requester","partitionId":"default"}]
[10714][1620652161222][shell][info]["init~setViewAttributes - Success"]
[8144][1621050157562][shell][info]["EventBus~initialize - Success"]
[8144][1621050157600][shell][info]["bootShellCrashReporter~ Success"]
[8144][1621050157601][shell][info]["shellController~init: Success"]
[8144][1621050157602][shell][info]["shellMeta~init: Success"]
[8144][1621050157617][shell][info]["init~setViewAttributes - Initializing view with opts:",{"devtools":false,"id":2,"startTime":1621050152230,"type":"shared","partitionId":"default"}]
[8144][1621050157619][shell][info]["init~setViewAttributes - Success"]
[8144][1621050167749][shell][info]["EventBus~initialize - Success"]
[8144][1621050167758][shell][info]["bootShellCrashReporter~ Success"]
[8144][1621050167760][shell][info]["shellController~init: Success"]
[8144][1621050167760][shell][info]["shellMeta~init: Success"]
[8144][1621050167776][shell][info]["init~setViewAttributes - Initializing view with opts:",{"allIds":[3],"devtools":false,"id":3,"primaryId":3,"startTime":1621050165317,"type":"requester","partitionId":"default"}]
[8144][1621050167778][shell][info]["init~setViewAttributes - Success"]
[9665][1621676496477][shell][info]["EventBus~initialize - Success"]
[9665][1621676496513][shell][info]["bootShellCrashReporter~ Success"]
[9665][1621676496515][shell][info]["shellController~init: Success"]
[9665][1621676496515][shell][info]["shellMeta~init: Success"]
[9665][1621676496530][shell][info]["init~setViewAttributes - Initializing view with opts:",{"devtools":false,"id":2,"startTime":1621676493045,"type":"shared","partitionId":"default"}]
[9665][1621676496532][shell][info]["init~setViewAttributes - Success"]
[9665][1621676505221][shell][info]["EventBus~initialize - Success"]
[9665][1621676505232][shell][info]["bootShellCrashReporter~ Success"]
[9665][1621676505235][shell][info]["shellController~init: Success"]
[9665][1621676505235][shell][info]["shellMeta~init: Success"]
[9665][1621676505262][shell][info]["init~setViewAttributes - Initializing view with opts:",{"allIds":[3],"devtools":false,"id":3,"primaryId":3,"startTime":1621676502505,"type":"requester","partitionId":"default"}]
[9665][1621676505264][shell][info]["init~setViewAttributes - Success"]
[7498][1622162273517][shell][info]["EventBus~initialize - Success"]
[7498][1622162273553][shell][info]["bootShellCrashReporter~ Success"]
[7498][1622162273554][shell][info]["shellController~init: Success"]
[7498][1622162273555][shell][info]["shellMeta~init: Success"]
[7498][1622162273570][shell][info]["init~setViewAttributes - Initializing view with opts:",{"devtools":false,"id":2,"startTime":1622162269798,"type":"shared","partitionId":"default"}]
[7498][1622162273572][shell][info]["init~setViewAttributes - Success"]
[7498][1622162280003][shell][info]["EventBus~initialize - Success"]
[7498][1622162280012][shell][info]["bootShellCrashReporter~ Success"]
[7498][1622162280014][shell][info]["shellController~init: Success"]
[7498][1622162280015][shell][info]["shellMeta~init: Success"]
[7498][1622162280029][shell][info]["init~setViewAttributes - Initializing view with opts:",{"allIds":[3],"devtools":false,"id":3,"primaryId":3,"startTime":1622162279755,"type":"requester","partitionId":"default"}]
[7498][1622162280031][shell][info]["init~setViewAttributes - Success"]
[12447][1622266382096][shell][info]["EventBus~initialize - Success"]
[12447][1622266382233][shell][info]["bootShellCrashReporter~ Success"]
[12447][1622266382235][shell][info]["shellController~init: Success"]
[12447][1622266382236][shell][info]["shellMeta~init: Success"]
[12447][1622266382406][shell][info]["init~setViewAttributes - Initializing view with opts:",{"devtools":false,"id":2,"startTime":1622266371604,"type":"shared","partitionId":"default"}]
[12447][1622266382409][shell][info]["init~setViewAttributes - Success"]
[12447][1622266394479][shell][info]["EventBus~initialize - Success"]
[12447][1622266394491][shell][info]["bootShellCrashReporter~ Success"]
[12447][1622266394493][shell][info]["shellController~init: Success"]
[12447][1622266394494][shell][info]["shellMeta~init: Success"]
[12447][1622266394512][shell][info]["init~setViewAttributes - Initializing view with opts:",{"allIds":[3],"devtools":false,"id":3,"primaryId":3,"startTime":1622266393765,"type":"requester","partitionId":"default"}]
[12447][1622266394514][shell][info]["init~setViewAttributes - Success"]
[11866][1622351902550][shell][info]["EventBus~initialize - Success"]
[11866][1622351902587][shell][info]["bootShellCrashReporter~ Success"]
[11866][1622351902589][shell][info]["shellController~init: Success"]
[11866][1622351902590][shell][info]["shellMeta~init: Success"]
[11866][1622351902605][shell][info]["init~setViewAttributes - Initializing view with opts:",{"devtools":false,"id":2,"startTime":1622351898497,"type":"shared","partitionId":"default"}]
[11866][1622351902606][shell][info]["init~setViewAttributes - Success"]
[11866][1622351909792][shell][info]["EventBus~initialize - Success"]
[11866][1622351909804][shell][info]["bootShellCrashReporter~ Success"]
[11866][1622351909806][shell][info]["shellController~init: Success"]
[11866][1622351909806][shell][info]["shellMeta~init: Success"]
[11866][1622351909827][shell][info]["init~setViewAttributes - Initializing view with opts:",{"allIds":[3],"devtools":false,"id":3,"primaryId":3,"startTime":1622351908603,"type":"requester","partitionId":"default"}]
[11866][1622351909829][shell][info]["init~setViewAttributes - Success"]
[9390][1622420863795][shell][info]["EventBus~initialize - Success"]
[9390][1622420863830][shell][info]["bootShellCrashReporter~ Success"]
[9390][1622420863832][shell][info]["shellController~init: Success"]
[9390][1622420863832][shell][info]["shellMeta~init: Success"]
[9390][1622420863849][shell][info]["init~setViewAttributes - Initializing view with opts:",{"devtools":false,"id":2,"startTime":1622420858178,"type":"shared","partitionId":"default"}]
[9390][1622420863850][shell][info]["init~setViewAttributes - Success"]
[9390][1622420870983][shell][info]["EventBus~initialize - Success"]
[9390][1622420870995][shell][info]["bootShellCrashReporter~ Success"]
[9390][1622420870997][shell][info]["shellController~init: Success"]
[9390][1622420870998][shell][info]["shellMeta~init: Success"]
[9390][1622420871012][shell][info]["init~setViewAttributes - Initializing view with opts:",{"allIds":[3],"devtools":false,"id":3,"primaryId":3,"startTime":1622420869795,"type":"requester","partitionId":"default"}]
[9390][1622420871013][shell][info]["init~setViewAttributes - Success"]
[6145][1625618219208][shell][info]["EventBus~initialize - Success"]
[6145][1625618219270][shell][info]["bootShellCrashReporter~ Success"]
[6145][1625618219273][shell][info]["shellController~init: Success"]
[6145][1625618219273][shell][info]["shellMeta~init: Success"]
[6145][1625618219293][shell][info]["init~setViewAttributes - Initializing view with opts:",{"devtools":false,"id":2,"startTime":1625618214189,"type":"shared","partitionId":"default"}]
[6145][1625618219295][shell][info]["init~setViewAttributes - Success"]
[6145][1625618225962][shell][info]["EventBus~initialize - Success"]
[6145][1625618225972][shell][info]["bootShellCrashReporter~ Success"]
[6145][1625618225974][shell][info]["shellController~init: Success"]
[6145][1625618225975][shell][info]["shellMeta~init: Success"]
[6145][1625618225989][shell][info]["init~setViewAttributes - Initializing view with opts:",{"allIds":[3],"devtools":false,"id":3,"primaryId":3,"startTime":1625618224954,"type":"requester","partitionId":"default"}]
[6145][1625618225990][shell][info]["init~setViewAttributes - Success"]
[8171][1646353336225][shell][info]["EventBus~initialize - Success"]
[8171][1646353336261][shell][info]["bootShellCrashReporter~ Success"]
[8171][1646353336263][shell][info]["shellController~init: Success"]
[8171][1646353336264][shell][info]["shellMeta~init: Success"]
[8171][1646353336279][shell][info]["init~setViewAttributes - Initializing view with opts:",{"devtools":false,"id":2,"startTime":1646353332341,"type":"shared","partitionId":"default"}]
[8171][1646353336281][shell][info]["init~setViewAttributes - Success"]
[8171][1646353341567][shell][info]["EventBus~initialize - Success"]
[8171][1646353341580][shell][info]["bootShellCrashReporter~ Success"]
[8171][1646353341581][shell][info]["shellController~init: Success"]
[8171][1646353341582][shell][info]["shellMeta~init: Success"]
[8171][1646353341603][shell][info]["init~setViewAttributes - Initializing view with opts:",{"allIds":[3],"devtools":false,"id":3,"primaryId":3,"startTime":1646353341285,"type":"requester","partitionId":"default"}]
[8171][1646353341604][shell][info]["init~setViewAttributes - Success"]
[9204][1653405528127][shell][info]["EventBus~initialize - Success"]
[9204][1653405528163][shell][info]["bootShellCrashReporter~ Success"]
[9204][1653405528165][shell][info]["shellController~init: Success"]
[9204][1653405528165][shell][info]["shellMeta~init: Success"]
[9204][1653405528181][shell][info]["init~setViewAttributes - Initializing view with opts:",{"devtools":false,"id":2,"startTime":1653405524188,"type":"shared","partitionId":"default"}]
[9204][1653405528182][shell][info]["init~setViewAttributes - Success"]
[9204][1653405534977][shell][info]["EventBus~initialize - Success"]
[9204][1653405534991][shell][info]["bootShellCrashReporter~ Success"]
[9204][1653405534994][shell][info]["shellController~init: Success"]
[9204][1653405534994][shell][info]["shellMeta~init: Success"]
[9204][1653405535011][shell][info]["init~setViewAttributes - Initializing view with opts:",{"allIds":[3],"devtools":false,"id":3,"primaryId":3,"startTime":1653405533326,"type":"requester","partitionId":"default"}]
[9204][1653405535012][shell][info]["init~setViewAttributes - Success"]
